[      24ms] [LOG] %c INFO color: #33f [lifecycle] onBeforeUnload triggered and handled with veto support @ https://sb-qw50k4ydwuq5.vercel.run/stable-2dedf5eeb63fd9acb6b7961ba1a8278a1cc5ae66/static/out/vs/code/browser/workbench/workbench.js:37
[      27ms] [ERROR] %c  ERR color: #f33 [lifecycle] Long running operations during shutdown are unsupported in the web (id: join.disconnectRemote) @ https://sb-qw50k4ydwuq5.vercel.run/stable-2dedf5eeb63fd9acb6b7961ba1a8278a1cc5ae66/static/out/vs/code/browser/workbench/workbench.js:37
[      27ms] [ERROR] %c  ERR color: #f33 [lifecycle] Long running operations during shutdown are unsupported in the web (id: join.chatSessionStore) @ https://sb-qw50k4ydwuq5.vercel.run/stable-2dedf5eeb63fd9acb6b7961ba1a8278a1cc5ae66/static/out/vs/code/browser/workbench/workbench.js:37
[      28ms] [ERROR] %c  ERR color: #f33 [lifecycle] Long running operations during shutdown are unsupported in the web (id: join.chatEditingSession) @ https://sb-qw50k4ydwuq5.vercel.run/stable-2dedf5eeb63fd9acb6b7961ba1a8278a1cc5ae66/static/out/vs/code/browser/workbench/workbench.js:37
[     124ms] [ERROR] Connecting to 'https://api.v0.app/_vercel/speed-insights/vitals' violates the following Content Security Policy directive: "connect-src 'self' https://v0.dev https://v0.app https://vercel.live/ https://vercel.com https://*.pusher.com/ https://blob.vercel-storage.com https://*.blob.vercel-storage.com https://blobs.vusercontent.net https://uploads.vusercontent.net wss://*.pusher.com/ wss://*.vercel.run https://fides-vercel.us.fides.ethyca.com/api/v1/ https://cdn-api.ethyca.com/location https://privacy-vercel.us.fides.ethyca.com/api/v1/ https://vercel.com/.well-known/otel/metrics https://*.sentry.io/api/ https://huggingface.co/onnx-community/ https://cas-bridge.xethub.hf.co/xet-bridge-us/ https://cdn.jsdelivr.net/npm/@huggingface/ *.cr-relay.com https://*.s3.us-east-1.amazonaws.com". The action has been blocked. @ https://v0.app/chat/v0-qc113434-6042-972530b5-tYNkLtv9KOc:0
[     124ms] [ERROR] Fetch API cannot load https://api.v0.app/_vercel/speed-insights/vitals. Refused to connect because it violates the document's Content Security Policy. @ https://v0.app/chat/v0-qc113434-6042-972530b5-tYNkLtv9KOc:0
[     126ms] [ERROR] Connecting to 'https://api.v0.app/_vercel/speed-insights/vitals' violates the following Content Security Policy directive: "connect-src 'self' https://v0.dev https://v0.app https://vercel.live/ https://vercel.com https://*.pusher.com/ https://blob.vercel-storage.com https://*.blob.vercel-storage.com https://blobs.vusercontent.net https://uploads.vusercontent.net wss://*.pusher.com/ wss://*.vercel.run https://fides-vercel.us.fides.ethyca.com/api/v1/ https://cdn-api.ethyca.com/location https://privacy-vercel.us.fides.ethyca.com/api/v1/ https://vercel.com/.well-known/otel/metrics https://*.sentry.io/api/ https://huggingface.co/onnx-community/ https://cas-bridge.xethub.hf.co/xet-bridge-us/ https://cdn.jsdelivr.net/npm/@huggingface/ *.cr-relay.com https://*.s3.us-east-1.amazonaws.com". The action has been blocked. @ https://v0.app/chat/v0-qc113434-6042-972530b5-tYNkLtv9KOc:0
[     126ms] [ERROR] Fetch API cannot load https://api.v0.app/_vercel/speed-insights/vitals. Refused to connect because it violates the document's Content Security Policy. @ https://v0.app/chat/v0-qc113434-6042-972530b5-tYNkLtv9KOc:0
[     778ms] [ERROR] Failed to load resource: the server responded with a status of 404 () @ https://v0.app/chat/api/snapshots/latest?chatId=tYNkLtv9KOc&blockId=b_kESf4AvuI2Y:0
[     993ms] [LOG] [ws-console] Connecting to: wss://sb-788r55p7z7wg.vercel.run  @ https://v0.app/chat-static/_next/static/chunks/0m0ihwrb7ojps.js?dpl=dpl_9JNJynUFG1uRC5kJdociwQeCKitk:4
[    1159ms] [LOG] [ws-console] WebSocket connected @ https://v0.app/chat-static/_next/static/chunks/0m0ihwrb7ojps.js?dpl=dpl_9JNJynUFG1uRC5kJdociwQeCKitk:4
[    1319ms] [WARNING] WebSocket connection to 'wss://ws-us3.pusher.com/app/dc5054126c8a894f78e9?protocol=7&client=js&version=7.0.3&flash=false' failed: WebSocket is closed before the connection is established. @ https://v0.app/chat-static/_next/static/chunks/14dso2l371zb4.js?dpl=dpl_9JNJynUFG1uRC5kJdociwQeCKitk:0
[    1691ms] [LOG] [SnapshotRenderer] iframe load event - assuming ready @ https://v0.app/chat-static/_next/static/chunks/0m0ihwrb7ojps.js?dpl=dpl_9JNJynUFG1uRC5kJdociwQeCKitk:4
[    1979ms] [LOG] %c INFO color: #33f Resolving connection token (sb-qw50k4ydwuq5.vercel.run)... @ https://sb-qw50k4ydwuq5.vercel.run/stable-2dedf5eeb63fd9acb6b7961ba1a8278a1cc5ae66/static/out/vs/code/browser/workbench/workbench.js:37
[    1981ms] [LOG] %c INFO color: #33f Resolved connection token (sb-qw50k4ydwuq5.vercel.run) after 18 ms @ https://sb-qw50k4ydwuq5.vercel.run/stable-2dedf5eeb63fd9acb6b7961ba1a8278a1cc5ae66/static/out/vs/code/browser/workbench/workbench.js:37
[    1981ms] [LOG] %c INFO color: #33f Creating a socket (renderer-Management-cf83115a-d696-4bda-a089-785301ab7443)... @ https://sb-qw50k4ydwuq5.vercel.run/stable-2dedf5eeb63fd9acb6b7961ba1a8278a1cc5ae66/static/out/vs/code/browser/workbench/workbench.js:37
[    2059ms] [LOG] %c INFO color: #33f Creating a socket (renderer-Management-cf83115a-d696-4bda-a089-785301ab7443) was successful after 79 ms. @ https://sb-qw50k4ydwuq5.vercel.run/stable-2dedf5eeb63fd9acb6b7961ba1a8278a1cc5ae66/static/out/vs/code/browser/workbench/workbench.js:37
[    2111ms] [ERROR] Failed to load resource: the server responded with a status of 404 () @ https://sb-qw50k4ydwuq5.vercel.run/stable-2dedf5eeb63fd9acb6b7961ba1a8278a1cc5ae66/static/node_modules/vsda/rust/web/vsda_bg.wasm:0
[    2125ms] [ERROR] Failed to load resource: the server responded with a status of 404 () @ https://sb-qw50k4ydwuq5.vercel.run/stable-2dedf5eeb63fd9acb6b7961ba1a8278a1cc5ae66/static/node_modules/vsda/rust/web/vsda.js:0
[    2227ms] [LOG] %c INFO color: #33f [reconnection-grace-time] Client received grace time from server: 10800000ms (10800s) @ https://sb-qw50k4ydwuq5.vercel.run/stable-2dedf5eeb63fd9acb6b7961ba1a8278a1cc5ae66/static/out/vs/code/browser/workbench/workbench.js:37
[    2457ms] [WARNING] The web worker extension host is started in a same-origin iframe! @ https://sb-qw50k4ydwuq5.vercel.run/stable-2dedf5eeb63fd9acb6b7961ba1a8278a1cc5ae66/static/out/vs/code/browser/workbench/workbench.js:3541
[    2459ms] [LOG] %c INFO color: #33f Creating a socket (renderer-ExtensionHost-09cbf4a6-d6ff-47bd-a557-f39ad486149b)... @ https://sb-qw50k4ydwuq5.vercel.run/stable-2dedf5eeb63fd9acb6b7961ba1a8278a1cc5ae66/static/out/vs/code/browser/workbench/workbench.js:37
[    2583ms] [LOG] %c INFO color: #33f Creating a socket (renderer-ExtensionHost-09cbf4a6-d6ff-47bd-a557-f39ad486149b) was successful after 124 ms. @ https://sb-qw50k4ydwuq5.vercel.run/stable-2dedf5eeb63fd9acb6b7961ba1a8278a1cc5ae66/static/out/vs/code/browser/workbench/workbench.js:37
[    2740ms] [WARNING] %c WARN color: #993 [ms-vscode.js-debug]: View container 'debug' does not exist and all views registered to it will be added to 'Explorer'. @ https://sb-qw50k4ydwuq5.vercel.run/stable-2dedf5eeb63fd9acb6b7961ba1a8278a1cc5ae66/static/out/vs/code/browser/workbench/workbench.js:37
[    2802ms] [LOG] %c INFO color: #33f [Service Worker] registered @ https://sb-qw50k4ydwuq5.vercel.run/stable-2dedf5eeb63fd9acb6b7961ba1a8278a1cc5ae66/static/out/vs/code/browser/workbench/workbench.js:37
[    3210ms] [WARNING] %c WARN color: #993 Authentication provider github was not declared in the Extension Manifest. @ https://sb-qw50k4ydwuq5.vercel.run/stable-2dedf5eeb63fd9acb6b7961ba1a8278a1cc5ae66/static/out/vs/code/browser/workbench/workbench.js:37
[    3262ms] [ERROR] %c  ERR color: #f33 Bad progress location: workbench.scm: Error: Bad progress location: workbench.scm
    at r (https://sb-qw50k4ydwuq5.vercel.run/stable-2dedf5eeb63fd9acb6b7961ba1a8278a1cc5ae66/static/out/vs/code/browser/workbench/workbench.js:897:773)
    at yYe.withProgress (https://sb-qw50k4ydwuq5.vercel.run/stable-2dedf5eeb63fd9acb6b7961ba1a8278a1cc5ae66/static/out/vs/code/browser/workbench/workbench.js:897:1276)
    at kii.$startProgress (https://sb-qw50k4ydwuq5.vercel.run/stable-2dedf5eeb63fd9acb6b7961ba1a8278a1cc5ae66/static/out/vs/code/browser/workbench/workbench.js:576:6453)
    at $Mt.S (https://sb-qw50k4ydwuq5.vercel.run/stable-2dedf5eeb63fd9acb6b7961ba1a8278a1cc5ae66/static/out/vs/code/browser/workbench/workbench.js:3542:27173)
    at $Mt.Q (https://sb-qw50k4ydwuq5.vercel.run/stable-2dedf5eeb63fd9acb6b7961ba1a8278a1cc5ae66/static/out/vs/code/browser/workbench/workbench.js:3542:26951)
    at $Mt.M (https://sb-qw50k4ydwuq5.vercel.run/stable-2dedf5eeb63fd9acb6b7961ba1a8278a1cc5ae66/static/out/vs/code/browser/workbench/workbench.js:3542:26039)
    at $Mt.L (https://sb-qw50k4ydwuq5.vercel.run/stable-2dedf5eeb63fd9acb6b7961ba1a8278a1cc5ae66/static/out/vs/code/browser/workbench/workbench.js:3542:25140)
    at ile.value (https://sb-qw50k4ydwuq5.vercel.run/stable-2dedf5eeb63fd9acb6b7961ba1a8278a1cc5ae66/static/out/vs/code/browser/workbench/workbench.js:3542:23932)
    at E.C (https://sb-qw50k4ydwuq5.vercel.run/stable-2dedf5eeb63fd9acb6b7961ba1a8278a1cc5ae66/static/out/vs/code/browser/workbench/workbench.js:29:2349)
    at E.fire (https://sb-qw50k4ydwuq5.vercel.run/stable-2dedf5eeb63fd9acb6b7961ba1a8278a1cc5ae66/static/out/vs/code/browser/workbench/workbench.js:29:2568) @ https://sb-qw50k4ydwuq5.vercel.run/stable-2dedf5eeb63fd9acb6b7961ba1a8278a1cc5ae66/static/out/vs/code/browser/workbench/workbench.js:37
[    5186ms] [ERROR] Failed to load resource: the server responded with a status of 404 () @ https://open-vsx.org/vscode/gallery/vscode/vercel/vercel-theme/latest:0
[    5187ms] [ERROR] Failed to load resource: the server responded with a status of 404 () @ https://open-vsx.org/vscode/gallery/vscode/vercel/v0-bridge/latest:0
[    5254ms] [LOG] %c INFO color: #33f Updating additional builtin extensions cache @ https://sb-qw50k4ydwuq5.vercel.run/stable-2dedf5eeb63fd9acb6b7961ba1a8278a1cc5ae66/static/out/vs/code/browser/workbench/workbench.js:37
[   63386ms] [ERROR] Connecting to 'https://api.v0.app/_vercel/speed-insights/vitals' violates the following Content Security Policy directive: "connect-src 'self' https://v0.dev https://v0.app https://vercel.live/ https://vercel.com https://*.pusher.com/ https://blob.vercel-storage.com https://*.blob.vercel-storage.com https://blobs.vusercontent.net https://uploads.vusercontent.net wss://*.pusher.com/ wss://*.vercel.run https://fides-vercel.us.fides.ethyca.com/api/v1/ https://cdn-api.ethyca.com/location https://privacy-vercel.us.fides.ethyca.com/api/v1/ https://vercel.com/.well-known/otel/metrics https://*.sentry.io/api/ https://huggingface.co/onnx-community/ https://cas-bridge.xethub.hf.co/xet-bridge-us/ https://cdn.jsdelivr.net/npm/@huggingface/ *.cr-relay.com https://*.s3.us-east-1.amazonaws.com". The action has been blocked. @ https://v0.app/chat/v0-qc113434-6042-972530b5-tYNkLtv9KOc?ref=VQ5M8V:0
[   63386ms] [ERROR] Fetch API cannot load https://api.v0.app/_vercel/speed-insights/vitals. Refused to connect because it violates the document's Content Security Policy. @ https://v0.app/chat/v0-qc113434-6042-972530b5-tYNkLtv9KOc?ref=VQ5M8V:0
[   63425ms] [WARNING] Unsupported prop change on Elements: You cannot change the `stripe` prop after setting it. @ https://v0.app/chat-static/_next/static/chunks/0m0ihwrb7ojps.js?dpl=dpl_9JNJynUFG1uRC5kJdociwQeCKitk:4
[   63502ms] [ERROR] %c  ERR color: #f33 [lifecycle] Long running operations during shutdown are unsupported in the web (id: join.disconnectRemote) @ https://sb-qw50k4ydwuq5.vercel.run/stable-2dedf5eeb63fd9acb6b7961ba1a8278a1cc5ae66/static/out/vs/code/browser/workbench/workbench.js:37
[   73437ms] [LOG] [useBrowserFrame] ultimate timeout - assuming ready @ https://v0.app/chat-static/_next/static/chunks/0m0ihwrb7ojps.js?dpl=dpl_9JNJynUFG1uRC5kJdociwQeCKitk:4
[   73438ms] [LOG] [useBrowserFrame] ultimate timeout - assuming ready @ https://v0.app/chat-static/_next/static/chunks/0m0ihwrb7ojps.js?dpl=dpl_9JNJynUFG1uRC5kJdociwQeCKitk:4
[   73438ms] [LOG] [useBrowserFrame] ultimate timeout - assuming ready @ https://v0.app/chat-static/_next/static/chunks/0m0ihwrb7ojps.js?dpl=dpl_9JNJynUFG1uRC5kJdociwQeCKitk:4
[   73438ms] [LOG] [useBrowserFrame] ultimate timeout - assuming ready @ https://v0.app/chat-static/_next/static/chunks/0m0ihwrb7ojps.js?dpl=dpl_9JNJynUFG1uRC5kJdociwQeCKitk:4
